[08-01-2019 14:45]  Main.py  [LINE:78]  #DEBUG  
The program works in TEST mode.
[08-01-2019 14:45]  Main.py  [LINE:421]  #DEBUG  
The program has completed
---------------------------------------------------------------------------
[08-01-2019 14:53]  Main.py  [LINE:78]  #DEBUG  
The program works in TEST mode.
[08-01-2019 14:53]  Main.py  [LINE:421]  #DEBUG  
The program has completed
---------------------------------------------------------------------------
[08-01-2019 15:01]  Main.py  [LINE:78]  #DEBUG  
The program works in TEST mode.
[08-01-2019 15:01]  Main.py  [LINE:421]  #DEBUG  
The program has completed
---------------------------------------------------------------------------
[08-01-2019 17:54]  Main.py  [LINE:78]  #DEBUG  
The program works in TEST mode.
[08-01-2019 17:54]  Main.py  [LINE:421]  #DEBUG  
The program has completed
---------------------------------------------------------------------------
[08-01-2019 19:27]  Main.py  [LINE:78]  #DEBUG  
The program works in TEST mode.
[08-01-2019 19:27]  Main.py  [LINE:421]  #DEBUG  
The program has completed
---------------------------------------------------------------------------
[08-01-2019 20:37]  Main.py  [LINE:78]  #DEBUG  
The program works in TEST mode.
[08-01-2019 20:37]  Main.py  [LINE:421]  #DEBUG  
The program has completed
---------------------------------------------------------------------------
[08-01-2019 20:39]  Main.py  [LINE:78]  #DEBUG  
The program works in TEST mode.
[08-01-2019 20:39]  Main.py  [LINE:421]  #DEBUG  
The program has completed
---------------------------------------------------------------------------
[08-01-2019 20:40]  Main.py  [LINE:78]  #DEBUG  
The program works in TEST mode.
[08-01-2019 20:40]  Main.py  [LINE:421]  #DEBUG  
The program has completed
---------------------------------------------------------------------------
[08-01-2019 22:17]  Main.py  [LINE:78]  #DEBUG  
The program works in TEST mode.
[08-01-2019 22:18]  Main.py  [LINE:78]  #DEBUG  
The program works in TEST mode.
[08-01-2019 22:18]  Main.py  [LINE:421]  #DEBUG  
The program has completed
---------------------------------------------------------------------------
[08-01-2019 22:41]  Main.py  [LINE:78]  #DEBUG  
The program works in TEST mode.
[08-01-2019 22:41]  ModulSPItest.py  [LINE:103]  #DEBUG  
Start a flow for performance of the test in the MANUAL MODE
[08-01-2019 22:41]  ModulSPItest.py  [LINE:111]  #DEBUG  
End a flow for performance of the test in the MANUAL MODE
[08-01-2019 22:41]  Main.py  [LINE:421]  #DEBUG  
The program has completed
---------------------------------------------------------------------------
