[07-01-2019 19:11]  Main.py  [LINE:70]  #DEBUG  
The program works in TEST mode.
[07-01-2019 19:11]  Main.py  [LINE:408]  #DEBUG  
The program has completed
---------------------------------------------------------------------------
[07-01-2019 19:12]  Main.py  [LINE:70]  #DEBUG  
The program works in TEST mode.
[07-01-2019 19:14]  Main.py  [LINE:70]  #DEBUG  
The program works in TEST mode.
[07-01-2019 19:23]  Main.py  [LINE:70]  #DEBUG  
The program works in TEST mode.
[07-01-2019 19:24]  Main.py  [LINE:70]  #DEBUG  
The program works in TEST mode.
[07-01-2019 19:24]  Main.py  [LINE:408]  #DEBUG  
The program has completed
---------------------------------------------------------------------------
[07-01-2019 19:27]  Main.py  [LINE:77]  #DEBUG  
The program works in TEST mode.
[07-01-2019 19:29]  Main.py  [LINE:77]  #DEBUG  
The program works in TEST mode.
[07-01-2019 19:29]  Main.py  [LINE:415]  #DEBUG  
The program has completed
---------------------------------------------------------------------------
[07-01-2019 19:29]  Main.py  [LINE:77]  #DEBUG  
The program works in TEST mode.
[07-01-2019 19:34]  Main.py  [LINE:77]  #DEBUG  
The program works in TEST mode.
[07-01-2019 19:34]  Main.py  [LINE:415]  #DEBUG  
The program has completed
---------------------------------------------------------------------------
[07-01-2019 19:37]  Main.py  [LINE:77]  #DEBUG  
The program works in TEST mode.
[07-01-2019 19:37]  Main.py  [LINE:415]  #DEBUG  
The program has completed
---------------------------------------------------------------------------
[07-01-2019 19:38]  Main.py  [LINE:77]  #DEBUG  
The program works in TEST mode.
[07-01-2019 19:38]  Main.py  [LINE:77]  #DEBUG  
The program works in TEST mode.
[07-01-2019 19:38]  Main.py  [LINE:415]  #DEBUG  
The program has completed
---------------------------------------------------------------------------
[07-01-2019 19:40]  Main.py  [LINE:77]  #DEBUG  
The program works in TEST mode.
[07-01-2019 19:41]  Main.py  [LINE:77]  #DEBUG  
The program works in TEST mode.
[07-01-2019 19:41]  Main.py  [LINE:415]  #DEBUG  
The program has completed
---------------------------------------------------------------------------
[07-01-2019 19:41]  Main.py  [LINE:77]  #DEBUG  
The program works in TEST mode.
[07-01-2019 19:42]  Main.py  [LINE:77]  #DEBUG  
The program works in TEST mode.
[07-01-2019 19:43]  Main.py  [LINE:77]  #DEBUG  
The program works in TEST mode.
[07-01-2019 19:43]  Main.py  [LINE:415]  #DEBUG  
The program has completed
---------------------------------------------------------------------------
[07-01-2019 19:52]  Main.py  [LINE:77]  #DEBUG  
The program works in TEST mode.
[07-01-2019 19:55]  Main.py  [LINE:78]  #DEBUG  
The program works in TEST mode.
[07-01-2019 19:56]  Main.py  [LINE:78]  #DEBUG  
The program works in TEST mode.
[07-01-2019 19:58]  Main.py  [LINE:78]  #DEBUG  
The program works in TEST mode.
[07-01-2019 19:58]  Main.py  [LINE:78]  #DEBUG  
The program works in TEST mode.
[07-01-2019 20:00]  Main.py  [LINE:79]  #DEBUG  
The program works in TEST mode.
[07-01-2019 20:00]  Main.py  [LINE:419]  #DEBUG  
The program has completed
---------------------------------------------------------------------------
[07-01-2019 20:01]  Main.py  [LINE:79]  #DEBUG  
The program works in TEST mode.
[07-01-2019 20:02]  Main.py  [LINE:79]  #DEBUG  
The program works in TEST mode.
[07-01-2019 20:02]  Main.py  [LINE:419]  #DEBUG  
The program has completed
---------------------------------------------------------------------------
[07-01-2019 20:10]  Main.py  [LINE:80]  #DEBUG  
The program works in TEST mode.
[07-01-2019 20:16]  Main.py  [LINE:80]  #DEBUG  
The program works in TEST mode.
[07-01-2019 20:16]  Main.py  [LINE:422]  #DEBUG  
The program has completed
---------------------------------------------------------------------------
[07-01-2019 20:16]  Main.py  [LINE:80]  #DEBUG  
The program works in TEST mode.
[07-01-2019 20:16]  Main.py  [LINE:422]  #DEBUG  
The program has completed
---------------------------------------------------------------------------
[07-01-2019 20:17]  Main.py  [LINE:80]  #DEBUG  
The program works in TEST mode.
[07-01-2019 20:17]  Main.py  [LINE:422]  #DEBUG  
The program has completed
---------------------------------------------------------------------------
[07-01-2019 20:22]  Main.py  [LINE:80]  #DEBUG  
The program works in TEST mode.
[07-01-2019 20:22]  Main.py  [LINE:422]  #DEBUG  
The program has completed
---------------------------------------------------------------------------
[07-01-2019 20:22]  Main.py  [LINE:80]  #DEBUG  
The program works in TEST mode.
[07-01-2019 20:22]  Main.py  [LINE:422]  #DEBUG  
The program has completed
---------------------------------------------------------------------------
[07-01-2019 23:22]  Main.py  [LINE:78]  #DEBUG  
The program works in TEST mode.
[07-01-2019 23:22]  ModulSPItest.py  [LINE:103]  #DEBUG  
Start a flow for performance of the test in the MANUAL MODE
[07-01-2019 23:22]  ModulSPItest.py  [LINE:111]  #DEBUG  
End a flow for performance of the test in the MANUAL MODE
[07-01-2019 23:22]  Main.py  [LINE:420]  #DEBUG  
The program has completed
---------------------------------------------------------------------------
