[06-01-2019 15:49]  ModulGPIOtest.py  [LINE:40]  #DEBUG  
Отключаем подачу напряжения на все заявленные к использованию порты
[06-01-2019 15:49]  ModulGPIOtest.py  [LINE:40]  #DEBUG  
Отключаем подачу напряжения на все заявленные к использованию порты
[06-01-2019 15:49]  ModulSPItest.py  [LINE:103]  #DEBUG  
Start a flow for performance of the test in the MANUAL MODE
[06-01-2019 15:49]  ModulGPIOtest.py  [LINE:22]  #DEBUG  
Включаем подачу напряжения на 13 порт
[06-01-2019 15:49]  ModulGPIOtest.py  [LINE:32]  #DEBUG  
Отключаем подачу напряжения на 13 порт
[06-01-2019 15:49]  ModulGPIOtest.py  [LINE:40]  #DEBUG  
Отключаем подачу напряжения на все заявленные к использованию порты
[06-01-2019 15:49]  Main.py  [LINE:409]  #DEBUG  
The program has completed
---------------------------------------------------------------------------
[06-01-2019 15:51]  ModulGPIOtest.py  [LINE:40]  #DEBUG  
Отключаем подачу напряжения на все заявленные к использованию порты
[06-01-2019 15:51]  ModulGPIOtest.py  [LINE:40]  #DEBUG  
Отключаем подачу напряжения на все заявленные к использованию порты
[06-01-2019 15:51]  ModulSPItest.py  [LINE:103]  #DEBUG  
Start a flow for performance of the test in the MANUAL MODE
[06-01-2019 15:53]  ModulGPIOtest.py  [LINE:40]  #DEBUG  
Отключаем подачу напряжения на все заявленные к использованию порты
[06-01-2019 15:53]  ModulGPIOtest.py  [LINE:40]  #DEBUG  
Отключаем подачу напряжения на все заявленные к использованию порты
[06-01-2019 15:53]  ModulSPItest.py  [LINE:103]  #DEBUG  
Start a flow for performance of the test in the MANUAL MODE
[06-01-2019 15:53]  ModulGPIOtest.py  [LINE:22]  #DEBUG  
Включаем подачу напряжения на 13 порт
[06-01-2019 15:53]  ModulGPIOtest.py  [LINE:32]  #DEBUG  
Отключаем подачу напряжения на 13 порт
[06-01-2019 15:53]  ModulGPIOtest.py  [LINE:40]  #DEBUG  
Отключаем подачу напряжения на все заявленные к использованию порты
[06-01-2019 15:53]  Main.py  [LINE:409]  #DEBUG  
The program has completed
---------------------------------------------------------------------------
[06-01-2019 15:54]  ModulGPIOtest.py  [LINE:40]  #DEBUG  
Отключаем подачу напряжения на все заявленные к использованию порты
[06-01-2019 15:54]  ModulGPIOtest.py  [LINE:40]  #DEBUG  
Отключаем подачу напряжения на все заявленные к использованию порты
[06-01-2019 15:54]  ModulSPItest.py  [LINE:103]  #DEBUG  
Start a flow for performance of the test in the MANUAL MODE
[06-01-2019 15:54]  ModulGPIOtest.py  [LINE:32]  #DEBUG  
Отключаем подачу напряжения на 13 порт
[06-01-2019 15:54]  ModulGPIOtest.py  [LINE:40]  #DEBUG  
Отключаем подачу напряжения на все заявленные к использованию порты
[06-01-2019 15:54]  Main.py  [LINE:409]  #DEBUG  
The program has completed
---------------------------------------------------------------------------
[06-01-2019 15:56]  ModulGPIOtest.py  [LINE:40]  #DEBUG  
Отключаем подачу напряжения на все заявленные к использованию порты
[06-01-2019 16:01]  ModulGPIOtest.py  [LINE:40]  #DEBUG  
Отключаем подачу напряжения на все заявленные к использованию порты
[06-01-2019 16:01]  ModulGPIOtest.py  [LINE:40]  #DEBUG  
Отключаем подачу напряжения на все заявленные к использованию порты
[06-01-2019 16:01]  ModulGPIOtest.py  [LINE:22]  #DEBUG  
Включаем подачу напряжения на 13 порт
[06-01-2019 16:01]  ModulGPIOtest.py  [LINE:32]  #DEBUG  
Отключаем подачу напряжения на 13 порт
[06-01-2019 16:01]  ModulGPIOtest.py  [LINE:40]  #DEBUG  
Отключаем подачу напряжения на все заявленные к использованию порты
[06-01-2019 16:03]  ModulGPIOtest.py  [LINE:40]  #DEBUG  
Отключаем подачу напряжения на все заявленные к использованию порты
[06-01-2019 16:03]  ModulGPIOtest.py  [LINE:40]  #DEBUG  
Отключаем подачу напряжения на все заявленные к использованию порты
[06-01-2019 16:03]  ModulGPIOtest.py  [LINE:22]  #DEBUG  
Включаем подачу напряжения на 13 порт
[06-01-2019 16:03]  ModulGPIOtest.py  [LINE:32]  #DEBUG  
Отключаем подачу напряжения на 13 порт
[06-01-2019 16:03]  ModulGPIOtest.py  [LINE:40]  #DEBUG  
Отключаем подачу напряжения на все заявленные к использованию порты
[06-01-2019 16:03]  ModulGPIOtest.py  [LINE:40]  #DEBUG  
Отключаем подачу напряжения на все заявленные к использованию порты
[06-01-2019 16:03]  ModulGPIOtest.py  [LINE:40]  #DEBUG  
Отключаем подачу напряжения на все заявленные к использованию порты
[06-01-2019 16:03]  ModulGPIOtest.py  [LINE:22]  #DEBUG  
Включаем подачу напряжения на 13 порт
[06-01-2019 16:03]  ModulGPIOtest.py  [LINE:32]  #DEBUG  
Отключаем подачу напряжения на 13 порт
[06-01-2019 16:03]  ModulGPIOtest.py  [LINE:40]  #DEBUG  
Отключаем подачу напряжения на все заявленные к использованию порты
[06-01-2019 16:04]  ModulGPIOtest.py  [LINE:40]  #DEBUG  
Отключаем подачу напряжения на все заявленные к использованию порты
[06-01-2019 16:04]  ModulGPIOtest.py  [LINE:40]  #DEBUG  
Отключаем подачу напряжения на все заявленные к использованию порты
[06-01-2019 16:04]  ModulGPIOtest.py  [LINE:22]  #DEBUG  
Включаем подачу напряжения на 13 порт
[06-01-2019 16:04]  ModulGPIOtest.py  [LINE:32]  #DEBUG  
Отключаем подачу напряжения на 13 порт
[06-01-2019 16:04]  ModulGPIOtest.py  [LINE:40]  #DEBUG  
Отключаем подачу напряжения на все заявленные к использованию порты
[06-01-2019 16:04]  ModulGPIOtest.py  [LINE:40]  #DEBUG  
Отключаем подачу напряжения на все заявленные к использованию порты
[06-01-2019 16:04]  ModulGPIOtest.py  [LINE:40]  #DEBUG  
Отключаем подачу напряжения на все заявленные к использованию порты
[06-01-2019 16:04]  ModulGPIOtest.py  [LINE:40]  #DEBUG  
Отключаем подачу напряжения на все заявленные к использованию порты
[06-01-2019 16:05]  ModulGPIOtest.py  [LINE:40]  #DEBUG  
Отключаем подачу напряжения на все заявленные к использованию порты
[06-01-2019 16:05]  ModulGPIOtest.py  [LINE:40]  #DEBUG  
Отключаем подачу напряжения на все заявленные к использованию порты
[06-01-2019 16:05]  ModulGPIOtest.py  [LINE:40]  #DEBUG  
Отключаем подачу напряжения на все заявленные к использованию порты
[06-01-2019 19:35]  ModulGPIOtest.py  [LINE:40]  #DEBUG  
Отключаем подачу напряжения на все заявленные к использованию порты
[06-01-2019 19:35]  ModulGPIOtest.py  [LINE:40]  #DEBUG  
Отключаем подачу напряжения на все заявленные к использованию порты
[06-01-2019 19:35]  ModulGPIOtest.py  [LINE:40]  #DEBUG  
Отключаем подачу напряжения на все заявленные к использованию порты
[06-01-2019 19:35]  ModulGPIOtest.py  [LINE:40]  #DEBUG  
Отключаем подачу напряжения на все заявленные к использованию порты
[06-01-2019 19:35]  ModulGPIOtest.py  [LINE:40]  #DEBUG  
Отключаем подачу напряжения на все заявленные к использованию порты
[06-01-2019 19:35]  ModulGPIOtest.py  [LINE:22]  #DEBUG  
Включаем подачу напряжения на 13 порт
[06-01-2019 19:35]  ModulGPIOtest.py  [LINE:32]  #DEBUG  
Отключаем подачу напряжения на 13 порт
[06-01-2019 19:35]  ModulGPIOtest.py  [LINE:40]  #DEBUG  
Отключаем подачу напряжения на все заявленные к использованию порты
[06-01-2019 19:35]  ModulGPIOtest.py  [LINE:40]  #DEBUG  
Отключаем подачу напряжения на все заявленные к использованию порты
[06-01-2019 19:35]  ModulGPIOtest.py  [LINE:22]  #DEBUG  
Включаем подачу напряжения на 13 порт
[06-01-2019 19:35]  ModulGPIOtest.py  [LINE:22]  #DEBUG  
Включаем подачу напряжения на 15 порт
[06-01-2019 19:35]  ModulGPIOtest.py  [LINE:22]  #DEBUG  
Включаем подачу напряжения на 12 порт
[06-01-2019 19:35]  ModulGPIOtest.py  [LINE:22]  #DEBUG  
Включаем подачу напряжения на 16 порт
[06-01-2019 19:35]  ModulGPIOtest.py  [LINE:32]  #DEBUG  
Отключаем подачу напряжения на 13 порт
[06-01-2019 19:35]  ModulGPIOtest.py  [LINE:32]  #DEBUG  
Отключаем подачу напряжения на 12 порт
[06-01-2019 19:35]  ModulGPIOtest.py  [LINE:32]  #DEBUG  
Отключаем подачу напряжения на 16 порт
[06-01-2019 19:35]  ModulGPIOtest.py  [LINE:32]  #DEBUG  
Отключаем подачу напряжения на 15 порт
[06-01-2019 19:35]  ModulGPIOtest.py  [LINE:22]  #DEBUG  
Включаем подачу напряжения на 13 порт
[06-01-2019 19:35]  ModulGPIOtest.py  [LINE:22]  #DEBUG  
Включаем подачу напряжения на 15 порт
[06-01-2019 19:35]  ModulGPIOtest.py  [LINE:32]  #DEBUG  
Отключаем подачу напряжения на 13 порт
[06-01-2019 19:35]  ModulGPIOtest.py  [LINE:32]  #DEBUG  
Отключаем подачу напряжения на 15 порт
[06-01-2019 19:35]  ModulGPIOtest.py  [LINE:22]  #DEBUG  
Включаем подачу напряжения на 15 порт
[06-01-2019 19:35]  ModulGPIOtest.py  [LINE:22]  #DEBUG  
Включаем подачу напряжения на 12 порт
[06-01-2019 19:35]  ModulGPIOtest.py  [LINE:32]  #DEBUG  
Отключаем подачу напряжения на 15 порт
[06-01-2019 19:35]  ModulGPIOtest.py  [LINE:32]  #DEBUG  
Отключаем подачу напряжения на 12 порт
[06-01-2019 19:35]  ModulGPIOtest.py  [LINE:22]  #DEBUG  
Включаем подачу напряжения на 15 порт
[06-01-2019 19:35]  ModulGPIOtest.py  [LINE:22]  #DEBUG  
Включаем подачу напряжения на 12 порт
[06-01-2019 19:35]  ModulGPIOtest.py  [LINE:22]  #DEBUG  
Включаем подачу напряжения на 16 порт
[06-01-2019 19:35]  ModulGPIOtest.py  [LINE:32]  #DEBUG  
Отключаем подачу напряжения на 15 порт
[06-01-2019 19:35]  ModulGPIOtest.py  [LINE:32]  #DEBUG  
Отключаем подачу напряжения на 12 порт
[06-01-2019 19:35]  ModulGPIOtest.py  [LINE:32]  #DEBUG  
Отключаем подачу напряжения на 16 порт
[06-01-2019 19:35]  ModulGPIOtest.py  [LINE:22]  #DEBUG  
Включаем подачу напряжения на 13 порт
[06-01-2019 19:35]  ModulGPIOtest.py  [LINE:22]  #DEBUG  
Включаем подачу напряжения на 15 порт
[06-01-2019 19:35]  ModulGPIOtest.py  [LINE:32]  #DEBUG  
Отключаем подачу напряжения на 13 порт
[06-01-2019 19:35]  ModulGPIOtest.py  [LINE:32]  #DEBUG  
Отключаем подачу напряжения на 15 порт
[06-01-2019 19:35]  ModulGPIOtest.py  [LINE:22]  #DEBUG  
Включаем подачу напряжения на 15 порт
[06-01-2019 19:35]  ModulGPIOtest.py  [LINE:22]  #DEBUG  
Включаем подачу напряжения на 12 порт
[06-01-2019 19:35]  ModulGPIOtest.py  [LINE:32]  #DEBUG  
Отключаем подачу напряжения на 15 порт
[06-01-2019 19:35]  ModulGPIOtest.py  [LINE:32]  #DEBUG  
Отключаем подачу напряжения на 12 порт
[06-01-2019 19:35]  ModulGPIOtest.py  [LINE:22]  #DEBUG  
Включаем подачу напряжения на 15 порт
[06-01-2019 19:35]  ModulGPIOtest.py  [LINE:22]  #DEBUG  
Включаем подачу напряжения на 12 порт
[06-01-2019 19:35]  ModulGPIOtest.py  [LINE:22]  #DEBUG  
Включаем подачу напряжения на 16 порт
[06-01-2019 19:35]  ModulGPIOtest.py  [LINE:32]  #DEBUG  
Отключаем подачу напряжения на 15 порт
[06-01-2019 19:35]  ModulGPIOtest.py  [LINE:32]  #DEBUG  
Отключаем подачу напряжения на 12 порт
[06-01-2019 19:35]  ModulGPIOtest.py  [LINE:32]  #DEBUG  
Отключаем подачу напряжения на 16 порт
[06-01-2019 19:35]  ModulGPIOtest.py  [LINE:22]  #DEBUG  
Включаем подачу напряжения на 13 порт
[06-01-2019 19:35]  ModulGPIOtest.py  [LINE:22]  #DEBUG  
Включаем подачу напряжения на 15 порт
[06-01-2019 19:35]  ModulGPIOtest.py  [LINE:32]  #DEBUG  
Отключаем подачу напряжения на 13 порт
[06-01-2019 19:35]  ModulGPIOtest.py  [LINE:32]  #DEBUG  
Отключаем подачу напряжения на 15 порт
[06-01-2019 19:35]  ModulGPIOtest.py  [LINE:22]  #DEBUG  
Включаем подачу напряжения на 15 порт
[06-01-2019 19:35]  ModulGPIOtest.py  [LINE:22]  #DEBUG  
Включаем подачу напряжения на 12 порт
[06-01-2019 19:35]  ModulGPIOtest.py  [LINE:32]  #DEBUG  
Отключаем подачу напряжения на 15 порт
[06-01-2019 19:35]  ModulGPIOtest.py  [LINE:32]  #DEBUG  
Отключаем подачу напряжения на 12 порт
[06-01-2019 19:35]  ModulGPIOtest.py  [LINE:22]  #DEBUG  
Включаем подачу напряжения на 15 порт
[06-01-2019 19:35]  ModulGPIOtest.py  [LINE:22]  #DEBUG  
Включаем подачу напряжения на 12 порт
[06-01-2019 19:35]  ModulGPIOtest.py  [LINE:22]  #DEBUG  
Включаем подачу напряжения на 16 порт
[06-01-2019 19:35]  ModulGPIOtest.py  [LINE:32]  #DEBUG  
Отключаем подачу напряжения на 15 порт
[06-01-2019 19:35]  ModulGPIOtest.py  [LINE:32]  #DEBUG  
Отключаем подачу напряжения на 12 порт
[06-01-2019 19:35]  ModulGPIOtest.py  [LINE:32]  #DEBUG  
Отключаем подачу напряжения на 16 порт
[06-01-2019 19:35]  ModulGPIOtest.py  [LINE:22]  #DEBUG  
Включаем подачу напряжения на 13 порт
[06-01-2019 19:35]  ModulGPIOtest.py  [LINE:22]  #DEBUG  
Включаем подачу напряжения на 15 порт
[06-01-2019 19:35]  ModulGPIOtest.py  [LINE:32]  #DEBUG  
Отключаем подачу напряжения на 13 порт
[06-01-2019 19:35]  ModulGPIOtest.py  [LINE:32]  #DEBUG  
Отключаем подачу напряжения на 15 порт
[06-01-2019 19:35]  ModulGPIOtest.py  [LINE:22]  #DEBUG  
Включаем подачу напряжения на 15 порт
[06-01-2019 19:35]  ModulGPIOtest.py  [LINE:22]  #DEBUG  
Включаем подачу напряжения на 12 порт
[06-01-2019 19:35]  ModulGPIOtest.py  [LINE:32]  #DEBUG  
Отключаем подачу напряжения на 15 порт
[06-01-2019 19:35]  ModulGPIOtest.py  [LINE:32]  #DEBUG  
Отключаем подачу напряжения на 12 порт
[06-01-2019 19:35]  ModulGPIOtest.py  [LINE:22]  #DEBUG  
Включаем подачу напряжения на 15 порт
[06-01-2019 19:35]  ModulGPIOtest.py  [LINE:22]  #DEBUG  
Включаем подачу напряжения на 12 порт
[06-01-2019 19:35]  ModulGPIOtest.py  [LINE:22]  #DEBUG  
Включаем подачу напряжения на 16 порт
[06-01-2019 19:35]  ModulGPIOtest.py  [LINE:32]  #DEBUG  
Отключаем подачу напряжения на 15 порт
[06-01-2019 19:35]  ModulGPIOtest.py  [LINE:32]  #DEBUG  
Отключаем подачу напряжения на 12 порт
[06-01-2019 19:35]  ModulGPIOtest.py  [LINE:32]  #DEBUG  
Отключаем подачу напряжения на 16 порт
[06-01-2019 19:35]  ModulGPIOtest.py  [LINE:22]  #DEBUG  
Включаем подачу напряжения на 13 порт
[06-01-2019 19:35]  ModulGPIOtest.py  [LINE:22]  #DEBUG  
Включаем подачу напряжения на 15 порт
[06-01-2019 19:35]  ModulGPIOtest.py  [LINE:32]  #DEBUG  
Отключаем подачу напряжения на 13 порт
[06-01-2019 19:35]  ModulGPIOtest.py  [LINE:32]  #DEBUG  
Отключаем подачу напряжения на 15 порт
[06-01-2019 19:35]  ModulGPIOtest.py  [LINE:22]  #DEBUG  
Включаем подачу напряжения на 15 порт
[06-01-2019 19:35]  ModulGPIOtest.py  [LINE:22]  #DEBUG  
Включаем подачу напряжения на 12 порт
[06-01-2019 19:35]  ModulGPIOtest.py  [LINE:32]  #DEBUG  
Отключаем подачу напряжения на 15 порт
[06-01-2019 19:35]  ModulGPIOtest.py  [LINE:32]  #DEBUG  
Отключаем подачу напряжения на 12 порт
[06-01-2019 19:35]  ModulGPIOtest.py  [LINE:22]  #DEBUG  
Включаем подачу напряжения на 15 порт
[06-01-2019 19:35]  ModulGPIOtest.py  [LINE:22]  #DEBUG  
Включаем подачу напряжения на 12 порт
[06-01-2019 19:35]  ModulGPIOtest.py  [LINE:22]  #DEBUG  
Включаем подачу напряжения на 16 порт
[06-01-2019 19:35]  ModulGPIOtest.py  [LINE:32]  #DEBUG  
Отключаем подачу напряжения на 15 порт
[06-01-2019 19:35]  ModulGPIOtest.py  [LINE:32]  #DEBUG  
Отключаем подачу напряжения на 12 порт
[06-01-2019 19:35]  ModulGPIOtest.py  [LINE:32]  #DEBUG  
Отключаем подачу напряжения на 16 порт
[06-01-2019 19:35]  ModulGPIOtest.py  [LINE:22]  #DEBUG  
Включаем подачу напряжения на 13 порт
[06-01-2019 19:35]  ModulGPIOtest.py  [LINE:22]  #DEBUG  
Включаем подачу напряжения на 15 порт
[06-01-2019 19:35]  ModulGPIOtest.py  [LINE:32]  #DEBUG  
Отключаем подачу напряжения на 13 порт
[06-01-2019 19:35]  ModulGPIOtest.py  [LINE:32]  #DEBUG  
Отключаем подачу напряжения на 15 порт
[06-01-2019 19:35]  ModulGPIOtest.py  [LINE:22]  #DEBUG  
Включаем подачу напряжения на 15 порт
[06-01-2019 19:35]  ModulGPIOtest.py  [LINE:22]  #DEBUG  
Включаем подачу напряжения на 12 порт
[06-01-2019 19:35]  ModulGPIOtest.py  [LINE:32]  #DEBUG  
Отключаем подачу напряжения на 15 порт
[06-01-2019 19:35]  ModulGPIOtest.py  [LINE:32]  #DEBUG  
Отключаем подачу напряжения на 12 порт
[06-01-2019 19:35]  ModulGPIOtest.py  [LINE:22]  #DEBUG  
Включаем подачу напряжения на 15 порт
[06-01-2019 19:35]  ModulGPIOtest.py  [LINE:22]  #DEBUG  
Включаем подачу напряжения на 12 порт
[06-01-2019 19:35]  ModulGPIOtest.py  [LINE:22]  #DEBUG  
Включаем подачу напряжения на 16 порт
[06-01-2019 19:35]  ModulGPIOtest.py  [LINE:32]  #DEBUG  
Отключаем подачу напряжения на 15 порт
[06-01-2019 19:35]  ModulGPIOtest.py  [LINE:32]  #DEBUG  
Отключаем подачу напряжения на 12 порт
[06-01-2019 19:35]  ModulGPIOtest.py  [LINE:32]  #DEBUG  
Отключаем подачу напряжения на 16 порт
[06-01-2019 19:35]  ModulGPIOtest.py  [LINE:22]  #DEBUG  
Включаем подачу напряжения на 13 порт
[06-01-2019 19:35]  ModulGPIOtest.py  [LINE:22]  #DEBUG  
Включаем подачу напряжения на 15 порт
[06-01-2019 19:35]  ModulGPIOtest.py  [LINE:32]  #DEBUG  
Отключаем подачу напряжения на 13 порт
[06-01-2019 19:35]  ModulGPIOtest.py  [LINE:32]  #DEBUG  
Отключаем подачу напряжения на 15 порт
[06-01-2019 19:35]  ModulGPIOtest.py  [LINE:22]  #DEBUG  
Включаем подачу напряжения на 15 порт
[06-01-2019 19:35]  ModulGPIOtest.py  [LINE:22]  #DEBUG  
Включаем подачу напряжения на 12 порт
[06-01-2019 19:35]  ModulGPIOtest.py  [LINE:32]  #DEBUG  
Отключаем подачу напряжения на 15 порт
[06-01-2019 19:35]  ModulGPIOtest.py  [LINE:32]  #DEBUG  
Отключаем подачу напряжения на 12 порт
[06-01-2019 19:35]  ModulGPIOtest.py  [LINE:22]  #DEBUG  
Включаем подачу напряжения на 15 порт
[06-01-2019 19:35]  ModulGPIOtest.py  [LINE:22]  #DEBUG  
Включаем подачу напряжения на 12 порт
[06-01-2019 19:35]  ModulGPIOtest.py  [LINE:22]  #DEBUG  
Включаем подачу напряжения на 16 порт
[06-01-2019 19:35]  ModulGPIOtest.py  [LINE:32]  #DEBUG  
Отключаем подачу напряжения на 15 порт
[06-01-2019 19:35]  ModulGPIOtest.py  [LINE:32]  #DEBUG  
Отключаем подачу напряжения на 12 порт
[06-01-2019 19:35]  ModulGPIOtest.py  [LINE:32]  #DEBUG  
Отключаем подачу напряжения на 16 порт
[06-01-2019 19:35]  ModulGPIOtest.py  [LINE:22]  #DEBUG  
Включаем подачу напряжения на 13 порт
[06-01-2019 19:35]  ModulGPIOtest.py  [LINE:22]  #DEBUG  
Включаем подачу напряжения на 15 порт
[06-01-2019 19:35]  ModulGPIOtest.py  [LINE:32]  #DEBUG  
Отключаем подачу напряжения на 13 порт
[06-01-2019 19:35]  ModulGPIOtest.py  [LINE:32]  #DEBUG  
Отключаем подачу напряжения на 15 порт
[06-01-2019 19:35]  ModulGPIOtest.py  [LINE:22]  #DEBUG  
Включаем подачу напряжения на 15 порт
[06-01-2019 19:35]  ModulGPIOtest.py  [LINE:22]  #DEBUG  
Включаем подачу напряжения на 12 порт
[06-01-2019 19:35]  ModulGPIOtest.py  [LINE:32]  #DEBUG  
Отключаем подачу напряжения на 15 порт
[06-01-2019 19:35]  ModulGPIOtest.py  [LINE:32]  #DEBUG  
Отключаем подачу напряжения на 12 порт
[06-01-2019 19:35]  ModulGPIOtest.py  [LINE:22]  #DEBUG  
Включаем подачу напряжения на 15 порт
[06-01-2019 19:35]  ModulGPIOtest.py  [LINE:22]  #DEBUG  
Включаем подачу напряжения на 12 порт
[06-01-2019 19:35]  ModulGPIOtest.py  [LINE:22]  #DEBUG  
Включаем подачу напряжения на 16 порт
[06-01-2019 19:35]  ModulGPIOtest.py  [LINE:32]  #DEBUG  
Отключаем подачу напряжения на 15 порт
[06-01-2019 19:35]  ModulGPIOtest.py  [LINE:32]  #DEBUG  
Отключаем подачу напряжения на 12 порт
[06-01-2019 19:35]  ModulGPIOtest.py  [LINE:32]  #DEBUG  
Отключаем подачу напряжения на 16 порт
[06-01-2019 19:35]  ModulGPIOtest.py  [LINE:22]  #DEBUG  
Включаем подачу напряжения на 13 порт
[06-01-2019 19:35]  ModulGPIOtest.py  [LINE:22]  #DEBUG  
Включаем подачу напряжения на 15 порт
[06-01-2019 19:35]  ModulGPIOtest.py  [LINE:32]  #DEBUG  
Отключаем подачу напряжения на 13 порт
[06-01-2019 19:35]  ModulGPIOtest.py  [LINE:32]  #DEBUG  
Отключаем подачу напряжения на 15 порт
[06-01-2019 19:35]  ModulGPIOtest.py  [LINE:22]  #DEBUG  
Включаем подачу напряжения на 15 порт
[06-01-2019 19:35]  ModulGPIOtest.py  [LINE:22]  #DEBUG  
Включаем подачу напряжения на 12 порт
[06-01-2019 19:35]  ModulGPIOtest.py  [LINE:32]  #DEBUG  
Отключаем подачу напряжения на 15 порт
[06-01-2019 19:35]  ModulGPIOtest.py  [LINE:32]  #DEBUG  
Отключаем подачу напряжения на 12 порт
[06-01-2019 19:35]  ModulGPIOtest.py  [LINE:22]  #DEBUG  
Включаем подачу напряжения на 15 порт
[06-01-2019 19:35]  ModulGPIOtest.py  [LINE:22]  #DEBUG  
Включаем подачу напряжения на 12 порт
[06-01-2019 19:35]  ModulGPIOtest.py  [LINE:22]  #DEBUG  
Включаем подачу напряжения на 16 порт
[06-01-2019 19:35]  ModulGPIOtest.py  [LINE:32]  #DEBUG  
Отключаем подачу напряжения на 15 порт
[06-01-2019 19:35]  ModulGPIOtest.py  [LINE:32]  #DEBUG  
Отключаем подачу напряжения на 12 порт
[06-01-2019 19:35]  ModulGPIOtest.py  [LINE:32]  #DEBUG  
Отключаем подачу напряжения на 16 порт
[06-01-2019 19:35]  ModulGPIOtest.py  [LINE:22]  #DEBUG  
Включаем подачу напряжения на 13 порт
[06-01-2019 19:35]  ModulGPIOtest.py  [LINE:22]  #DEBUG  
Включаем подачу напряжения на 15 порт
[06-01-2019 19:35]  ModulGPIOtest.py  [LINE:32]  #DEBUG  
Отключаем подачу напряжения на 13 порт
[06-01-2019 19:35]  ModulGPIOtest.py  [LINE:32]  #DEBUG  
Отключаем подачу напряжения на 15 порт
[06-01-2019 19:35]  ModulGPIOtest.py  [LINE:22]  #DEBUG  
Включаем подачу напряжения на 15 порт
[06-01-2019 19:35]  ModulGPIOtest.py  [LINE:22]  #DEBUG  
Включаем подачу напряжения на 12 порт
[06-01-2019 19:35]  ModulGPIOtest.py  [LINE:32]  #DEBUG  
Отключаем подачу напряжения на 15 порт
[06-01-2019 19:35]  ModulGPIOtest.py  [LINE:32]  #DEBUG  
Отключаем подачу напряжения на 12 порт
[06-01-2019 19:35]  ModulGPIOtest.py  [LINE:22]  #DEBUG  
Включаем подачу напряжения на 15 порт
[06-01-2019 19:35]  ModulGPIOtest.py  [LINE:22]  #DEBUG  
Включаем подачу напряжения на 12 порт
[06-01-2019 19:35]  ModulGPIOtest.py  [LINE:22]  #DEBUG  
Включаем подачу напряжения на 16 порт
[06-01-2019 19:35]  ModulGPIOtest.py  [LINE:32]  #DEBUG  
Отключаем подачу напряжения на 15 порт
[06-01-2019 19:35]  ModulGPIOtest.py  [LINE:32]  #DEBUG  
Отключаем подачу напряжения на 12 порт
[06-01-2019 19:35]  ModulGPIOtest.py  [LINE:32]  #DEBUG  
Отключаем подачу напряжения на 16 порт
[06-01-2019 19:35]  ModulGPIOtest.py  [LINE:22]  #DEBUG  
Включаем подачу напряжения на 13 порт
[06-01-2019 19:35]  ModulGPIOtest.py  [LINE:22]  #DEBUG  
Включаем подачу напряжения на 15 порт
[06-01-2019 19:35]  ModulGPIOtest.py  [LINE:22]  #DEBUG  
Включаем подачу напряжения на 12 порт
[06-01-2019 19:35]  ModulGPIOtest.py  [LINE:22]  #DEBUG  
Включаем подачу напряжения на 16 порт
[06-01-2019 19:35]  ModulGPIOtest.py  [LINE:32]  #DEBUG  
Отключаем подачу напряжения на 13 порт
[06-01-2019 19:35]  ModulGPIOtest.py  [LINE:32]  #DEBUG  
Отключаем подачу напряжения на 12 порт
[06-01-2019 19:35]  ModulGPIOtest.py  [LINE:32]  #DEBUG  
Отключаем подачу напряжения на 16 порт
[06-01-2019 19:35]  ModulGPIOtest.py  [LINE:32]  #DEBUG  
Отключаем подачу напряжения на 15 порт
[06-01-2019 19:35]  ModulGPIOtest.py  [LINE:22]  #DEBUG  
Включаем подачу напряжения на 13 порт
[06-01-2019 19:35]  ModulGPIOtest.py  [LINE:22]  #DEBUG  
Включаем подачу напряжения на 15 порт
[06-01-2019 19:35]  ModulGPIOtest.py  [LINE:32]  #DEBUG  
Отключаем подачу напряжения на 13 порт
[06-01-2019 19:35]  ModulGPIOtest.py  [LINE:32]  #DEBUG  
Отключаем подачу напряжения на 15 порт
[06-01-2019 19:35]  ModulGPIOtest.py  [LINE:22]  #DEBUG  
Включаем подачу напряжения на 15 порт
[06-01-2019 19:35]  ModulGPIOtest.py  [LINE:22]  #DEBUG  
Включаем подачу напряжения на 12 порт
[06-01-2019 19:35]  ModulGPIOtest.py  [LINE:32]  #DEBUG  
Отключаем подачу напряжения на 15 порт
[06-01-2019 19:35]  ModulGPIOtest.py  [LINE:32]  #DEBUG  
Отключаем подачу напряжения на 12 порт
[06-01-2019 19:35]  ModulGPIOtest.py  [LINE:22]  #DEBUG  
Включаем подачу напряжения на 15 порт
[06-01-2019 19:35]  ModulGPIOtest.py  [LINE:22]  #DEBUG  
Включаем подачу напряжения на 12 порт
[06-01-2019 19:35]  ModulGPIOtest.py  [LINE:22]  #DEBUG  
Включаем подачу напряжения на 16 порт
[06-01-2019 19:35]  ModulGPIOtest.py  [LINE:32]  #DEBUG  
Отключаем подачу напряжения на 15 порт
[06-01-2019 19:35]  ModulGPIOtest.py  [LINE:32]  #DEBUG  
Отключаем подачу напряжения на 12 порт
[06-01-2019 19:35]  ModulGPIOtest.py  [LINE:32]  #DEBUG  
Отключаем подачу напряжения на 16 порт
[06-01-2019 19:35]  ModulGPIOtest.py  [LINE:22]  #DEBUG  
Включаем подачу напряжения на 13 порт
[06-01-2019 19:35]  ModulGPIOtest.py  [LINE:22]  #DEBUG  
Включаем подачу напряжения на 15 порт
[06-01-2019 19:35]  ModulGPIOtest.py  [LINE:32]  #DEBUG  
Отключаем подачу напряжения на 13 порт
[06-01-2019 19:35]  ModulGPIOtest.py  [LINE:32]  #DEBUG  
Отключаем подачу напряжения на 15 порт
[06-01-2019 19:35]  ModulGPIOtest.py  [LINE:22]  #DEBUG  
Включаем подачу напряжения на 15 порт
[06-01-2019 19:35]  ModulGPIOtest.py  [LINE:22]  #DEBUG  
Включаем подачу напряжения на 12 порт
[06-01-2019 19:35]  ModulGPIOtest.py  [LINE:32]  #DEBUG  
Отключаем подачу напряжения на 15 порт
[06-01-2019 19:35]  ModulGPIOtest.py  [LINE:32]  #DEBUG  
Отключаем подачу напряжения на 12 порт
[06-01-2019 19:35]  ModulGPIOtest.py  [LINE:22]  #DEBUG  
Включаем подачу напряжения на 15 порт
[06-01-2019 19:35]  ModulGPIOtest.py  [LINE:22]  #DEBUG  
Включаем подачу напряжения на 12 порт
[06-01-2019 19:35]  ModulGPIOtest.py  [LINE:22]  #DEBUG  
Включаем подачу напряжения на 16 порт
[06-01-2019 19:35]  ModulGPIOtest.py  [LINE:32]  #DEBUG  
Отключаем подачу напряжения на 15 порт
[06-01-2019 19:35]  ModulGPIOtest.py  [LINE:32]  #DEBUG  
Отключаем подачу напряжения на 12 порт
[06-01-2019 19:35]  ModulGPIOtest.py  [LINE:32]  #DEBUG  
Отключаем подачу напряжения на 16 порт
[06-01-2019 19:35]  ModulGPIOtest.py  [LINE:22]  #DEBUG  
Включаем подачу напряжения на 13 порт
[06-01-2019 19:35]  ModulGPIOtest.py  [LINE:22]  #DEBUG  
Включаем подачу напряжения на 15 порт
[06-01-2019 19:35]  ModulGPIOtest.py  [LINE:32]  #DEBUG  
Отключаем подачу напряжения на 13 порт
[06-01-2019 19:35]  ModulGPIOtest.py  [LINE:32]  #DEBUG  
Отключаем подачу напряжения на 15 порт
[06-01-2019 19:35]  ModulGPIOtest.py  [LINE:22]  #DEBUG  
Включаем подачу напряжения на 15 порт
[06-01-2019 19:35]  ModulGPIOtest.py  [LINE:22]  #DEBUG  
Включаем подачу напряжения на 12 порт
[06-01-2019 19:35]  ModulGPIOtest.py  [LINE:32]  #DEBUG  
Отключаем подачу напряжения на 15 порт
[06-01-2019 19:35]  ModulGPIOtest.py  [LINE:32]  #DEBUG  
Отключаем подачу напряжения на 12 порт
[06-01-2019 19:35]  ModulGPIOtest.py  [LINE:22]  #DEBUG  
Включаем подачу напряжения на 15 порт
[06-01-2019 19:35]  ModulGPIOtest.py  [LINE:22]  #DEBUG  
Включаем подачу напряжения на 12 порт
[06-01-2019 19:35]  ModulGPIOtest.py  [LINE:22]  #DEBUG  
Включаем подачу напряжения на 16 порт
[06-01-2019 19:35]  ModulGPIOtest.py  [LINE:32]  #DEBUG  
Отключаем подачу напряжения на 15 порт
[06-01-2019 19:35]  ModulGPIOtest.py  [LINE:32]  #DEBUG  
Отключаем подачу напряжения на 12 порт
[06-01-2019 19:35]  ModulGPIOtest.py  [LINE:32]  #DEBUG  
Отключаем подачу напряжения на 16 порт
[06-01-2019 19:35]  ModulGPIOtest.py  [LINE:22]  #DEBUG  
Включаем подачу напряжения на 13 порт
[06-01-2019 19:35]  ModulGPIOtest.py  [LINE:22]  #DEBUG  
Включаем подачу напряжения на 15 порт
[06-01-2019 19:35]  ModulGPIOtest.py  [LINE:32]  #DEBUG  
Отключаем подачу напряжения на 13 порт
[06-01-2019 19:35]  ModulGPIOtest.py  [LINE:32]  #DEBUG  
Отключаем подачу напряжения на 15 порт
[06-01-2019 19:35]  ModulGPIOtest.py  [LINE:22]  #DEBUG  
Включаем подачу напряжения на 15 порт
[06-01-2019 19:35]  ModulGPIOtest.py  [LINE:22]  #DEBUG  
Включаем подачу напряжения на 12 порт
[06-01-2019 19:35]  ModulGPIOtest.py  [LINE:32]  #DEBUG  
Отключаем подачу напряжения на 15 порт
[06-01-2019 19:35]  ModulGPIOtest.py  [LINE:32]  #DEBUG  
Отключаем подачу напряжения на 12 порт
[06-01-2019 19:35]  ModulGPIOtest.py  [LINE:22]  #DEBUG  
Включаем подачу напряжения на 15 порт
[06-01-2019 19:35]  ModulGPIOtest.py  [LINE:22]  #DEBUG  
Включаем подачу напряжения на 12 порт
[06-01-2019 19:35]  ModulGPIOtest.py  [LINE:22]  #DEBUG  
Включаем подачу напряжения на 16 порт
[06-01-2019 19:35]  ModulGPIOtest.py  [LINE:32]  #DEBUG  
Отключаем подачу напряжения на 15 порт
[06-01-2019 19:35]  ModulGPIOtest.py  [LINE:32]  #DEBUG  
Отключаем подачу напряжения на 12 порт
[06-01-2019 19:35]  ModulGPIOtest.py  [LINE:32]  #DEBUG  
Отключаем подачу напряжения на 16 порт
[06-01-2019 19:35]  ModulGPIOtest.py  [LINE:22]  #DEBUG  
Включаем подачу напряжения на 13 порт
[06-01-2019 19:35]  ModulGPIOtest.py  [LINE:22]  #DEBUG  
Включаем подачу напряжения на 15 порт
[06-01-2019 19:35]  ModulGPIOtest.py  [LINE:32]  #DEBUG  
Отключаем подачу напряжения на 13 порт
[06-01-2019 19:35]  ModulGPIOtest.py  [LINE:32]  #DEBUG  
Отключаем подачу напряжения на 15 порт
[06-01-2019 19:35]  ModulGPIOtest.py  [LINE:22]  #DEBUG  
Включаем подачу напряжения на 15 порт
[06-01-2019 19:35]  ModulGPIOtest.py  [LINE:22]  #DEBUG  
Включаем подачу напряжения на 12 порт
[06-01-2019 19:35]  ModulGPIOtest.py  [LINE:32]  #DEBUG  
Отключаем подачу напряжения на 15 порт
[06-01-2019 19:35]  ModulGPIOtest.py  [LINE:32]  #DEBUG  
Отключаем подачу напряжения на 12 порт
[06-01-2019 19:35]  ModulGPIOtest.py  [LINE:22]  #DEBUG  
Включаем подачу напряжения на 15 порт
[06-01-2019 19:35]  ModulGPIOtest.py  [LINE:22]  #DEBUG  
Включаем подачу напряжения на 12 порт
[06-01-2019 19:35]  ModulGPIOtest.py  [LINE:22]  #DEBUG  
Включаем подачу напряжения на 16 порт
[06-01-2019 19:35]  ModulGPIOtest.py  [LINE:32]  #DEBUG  
Отключаем подачу напряжения на 15 порт
[06-01-2019 19:35]  ModulGPIOtest.py  [LINE:32]  #DEBUG  
Отключаем подачу напряжения на 12 порт
[06-01-2019 19:35]  ModulGPIOtest.py  [LINE:32]  #DEBUG  
Отключаем подачу напряжения на 16 порт
[06-01-2019 19:35]  ModulGPIOtest.py  [LINE:22]  #DEBUG  
Включаем подачу напряжения на 13 порт
[06-01-2019 19:35]  ModulGPIOtest.py  [LINE:22]  #DEBUG  
Включаем подачу напряжения на 15 порт
[06-01-2019 19:35]  ModulGPIOtest.py  [LINE:32]  #DEBUG  
Отключаем подачу напряжения на 13 порт
[06-01-2019 19:35]  ModulGPIOtest.py  [LINE:32]  #DEBUG  
Отключаем подачу напряжения на 15 порт
[06-01-2019 19:35]  ModulGPIOtest.py  [LINE:22]  #DEBUG  
Включаем подачу напряжения на 15 порт
[06-01-2019 19:35]  ModulGPIOtest.py  [LINE:22]  #DEBUG  
Включаем подачу напряжения на 12 порт
[06-01-2019 19:35]  ModulGPIOtest.py  [LINE:32]  #DEBUG  
Отключаем подачу напряжения на 15 порт
[06-01-2019 19:35]  ModulGPIOtest.py  [LINE:32]  #DEBUG  
Отключаем подачу напряжения на 12 порт
[06-01-2019 19:35]  ModulGPIOtest.py  [LINE:22]  #DEBUG  
Включаем подачу напряжения на 15 порт
[06-01-2019 19:35]  ModulGPIOtest.py  [LINE:22]  #DEBUG  
Включаем подачу напряжения на 12 порт
[06-01-2019 19:35]  ModulGPIOtest.py  [LINE:22]  #DEBUG  
Включаем подачу напряжения на 16 порт
[06-01-2019 19:35]  ModulGPIOtest.py  [LINE:32]  #DEBUG  
Отключаем подачу напряжения на 15 порт
[06-01-2019 19:35]  ModulGPIOtest.py  [LINE:32]  #DEBUG  
Отключаем подачу напряжения на 12 порт
[06-01-2019 19:35]  ModulGPIOtest.py  [LINE:32]  #DEBUG  
Отключаем подачу напряжения на 16 порт
[06-01-2019 19:35]  ModulGPIOtest.py  [LINE:22]  #DEBUG  
Включаем подачу напряжения на 13 порт
[06-01-2019 19:35]  ModulGPIOtest.py  [LINE:22]  #DEBUG  
Включаем подачу напряжения на 15 порт
[06-01-2019 19:35]  ModulGPIOtest.py  [LINE:32]  #DEBUG  
Отключаем подачу напряжения на 13 порт
[06-01-2019 19:35]  ModulGPIOtest.py  [LINE:32]  #DEBUG  
Отключаем подачу напряжения на 15 порт
[06-01-2019 19:35]  ModulGPIOtest.py  [LINE:22]  #DEBUG  
Включаем подачу напряжения на 15 порт
[06-01-2019 19:35]  ModulGPIOtest.py  [LINE:22]  #DEBUG  
Включаем подачу напряжения на 12 порт
[06-01-2019 19:35]  ModulGPIOtest.py  [LINE:32]  #DEBUG  
Отключаем подачу напряжения на 15 порт
[06-01-2019 19:35]  ModulGPIOtest.py  [LINE:32]  #DEBUG  
Отключаем подачу напряжения на 12 порт
[06-01-2019 19:35]  ModulGPIOtest.py  [LINE:22]  #DEBUG  
Включаем подачу напряжения на 15 порт
[06-01-2019 19:35]  ModulGPIOtest.py  [LINE:22]  #DEBUG  
Включаем подачу напряжения на 12 порт
[06-01-2019 19:35]  ModulGPIOtest.py  [LINE:22]  #DEBUG  
Включаем подачу напряжения на 16 порт
[06-01-2019 19:35]  ModulGPIOtest.py  [LINE:32]  #DEBUG  
Отключаем подачу напряжения на 15 порт
[06-01-2019 19:35]  ModulGPIOtest.py  [LINE:32]  #DEBUG  
Отключаем подачу напряжения на 12 порт
[06-01-2019 19:35]  ModulGPIOtest.py  [LINE:32]  #DEBUG  
Отключаем подачу напряжения на 16 порт
[06-01-2019 19:35]  ModulGPIOtest.py  [LINE:22]  #DEBUG  
Включаем подачу напряжения на 13 порт
[06-01-2019 19:35]  ModulGPIOtest.py  [LINE:22]  #DEBUG  
Включаем подачу напряжения на 15 порт
[06-01-2019 19:35]  ModulGPIOtest.py  [LINE:32]  #DEBUG  
Отключаем подачу напряжения на 13 порт
[06-01-2019 19:35]  ModulGPIOtest.py  [LINE:32]  #DEBUG  
Отключаем подачу напряжения на 15 порт
[06-01-2019 19:35]  ModulGPIOtest.py  [LINE:22]  #DEBUG  
Включаем подачу напряжения на 15 порт
[06-01-2019 19:35]  ModulGPIOtest.py  [LINE:22]  #DEBUG  
Включаем подачу напряжения на 12 порт
[06-01-2019 19:35]  ModulGPIOtest.py  [LINE:32]  #DEBUG  
Отключаем подачу напряжения на 15 порт
[06-01-2019 19:35]  ModulGPIOtest.py  [LINE:32]  #DEBUG  
Отключаем подачу напряжения на 12 порт
[06-01-2019 19:35]  ModulGPIOtest.py  [LINE:22]  #DEBUG  
Включаем подачу напряжения на 15 порт
[06-01-2019 19:35]  ModulGPIOtest.py  [LINE:22]  #DEBUG  
Включаем подачу напряжения на 12 порт
[06-01-2019 19:35]  ModulGPIOtest.py  [LINE:22]  #DEBUG  
Включаем подачу напряжения на 16 порт
[06-01-2019 19:35]  ModulGPIOtest.py  [LINE:32]  #DEBUG  
Отключаем подачу напряжения на 15 порт
[06-01-2019 19:35]  ModulGPIOtest.py  [LINE:32]  #DEBUG  
Отключаем подачу напряжения на 12 порт
[06-01-2019 19:35]  ModulGPIOtest.py  [LINE:32]  #DEBUG  
Отключаем подачу напряжения на 16 порт
[06-01-2019 19:35]  ModulGPIOtest.py  [LINE:22]  #DEBUG  
Включаем подачу напряжения на 13 порт
[06-01-2019 19:35]  ModulGPIOtest.py  [LINE:22]  #DEBUG  
Включаем подачу напряжения на 15 порт
[06-01-2019 19:35]  ModulGPIOtest.py  [LINE:32]  #DEBUG  
Отключаем подачу напряжения на 13 порт
[06-01-2019 19:35]  ModulGPIOtest.py  [LINE:32]  #DEBUG  
Отключаем подачу напряжения на 15 порт
[06-01-2019 19:35]  ModulGPIOtest.py  [LINE:22]  #DEBUG  
Включаем подачу напряжения на 15 порт
[06-01-2019 19:35]  ModulGPIOtest.py  [LINE:22]  #DEBUG  
Включаем подачу напряжения на 12 порт
[06-01-2019 19:35]  ModulGPIOtest.py  [LINE:32]  #DEBUG  
Отключаем подачу напряжения на 15 порт
[06-01-2019 19:35]  ModulGPIOtest.py  [LINE:32]  #DEBUG  
Отключаем подачу напряжения на 12 порт
[06-01-2019 19:35]  ModulGPIOtest.py  [LINE:22]  #DEBUG  
Включаем подачу напряжения на 15 порт
[06-01-2019 19:35]  ModulGPIOtest.py  [LINE:22]  #DEBUG  
Включаем подачу напряжения на 12 порт
[06-01-2019 19:35]  ModulGPIOtest.py  [LINE:22]  #DEBUG  
Включаем подачу напряжения на 16 порт
[06-01-2019 19:35]  ModulGPIOtest.py  [LINE:32]  #DEBUG  
Отключаем подачу напряжения на 15 порт
[06-01-2019 19:35]  ModulGPIOtest.py  [LINE:32]  #DEBUG  
Отключаем подачу напряжения на 12 порт
[06-01-2019 19:35]  ModulGPIOtest.py  [LINE:32]  #DEBUG  
Отключаем подачу напряжения на 16 порт
[06-01-2019 19:35]  ModulGPIOtest.py  [LINE:22]  #DEBUG  
Включаем подачу напряжения на 13 порт
[06-01-2019 19:35]  ModulGPIOtest.py  [LINE:22]  #DEBUG  
Включаем подачу напряжения на 15 порт
[06-01-2019 19:35]  ModulGPIOtest.py  [LINE:32]  #DEBUG  
Отключаем подачу напряжения на 13 порт
[06-01-2019 19:35]  ModulGPIOtest.py  [LINE:32]  #DEBUG  
Отключаем подачу напряжения на 15 порт
[06-01-2019 19:35]  ModulGPIOtest.py  [LINE:22]  #DEBUG  
Включаем подачу напряжения на 15 порт
[06-01-2019 19:35]  ModulGPIOtest.py  [LINE:22]  #DEBUG  
Включаем подачу напряжения на 12 порт
[06-01-2019 19:35]  ModulGPIOtest.py  [LINE:32]  #DEBUG  
Отключаем подачу напряжения на 15 порт
[06-01-2019 19:35]  ModulGPIOtest.py  [LINE:32]  #DEBUG  
Отключаем подачу напряжения на 12 порт
[06-01-2019 19:35]  ModulGPIOtest.py  [LINE:22]  #DEBUG  
Включаем подачу напряжения на 15 порт
[06-01-2019 19:35]  ModulGPIOtest.py  [LINE:22]  #DEBUG  
Включаем подачу напряжения на 12 порт
[06-01-2019 19:35]  ModulGPIOtest.py  [LINE:22]  #DEBUG  
Включаем подачу напряжения на 16 порт
[06-01-2019 19:35]  ModulGPIOtest.py  [LINE:32]  #DEBUG  
Отключаем подачу напряжения на 15 порт
[06-01-2019 19:35]  ModulGPIOtest.py  [LINE:32]  #DEBUG  
Отключаем подачу напряжения на 12 порт
[06-01-2019 19:35]  ModulGPIOtest.py  [LINE:32]  #DEBUG  
Отключаем подачу напряжения на 16 порт
[06-01-2019 19:35]  ModulGPIOtest.py  [LINE:40]  #DEBUG  
Отключаем подачу напряжения на все заявленные к использованию порты
[06-01-2019 19:37]  ModulGPIOtest.py  [LINE:40]  #DEBUG  
Отключаем подачу напряжения на все заявленные к использованию порты
[06-01-2019 19:37]  ModulGPIOtest.py  [LINE:40]  #DEBUG  
Отключаем подачу напряжения на все заявленные к использованию порты
[06-01-2019 19:37]  ModulGPIOtest.py  [LINE:40]  #DEBUG  
Отключаем подачу напряжения на все заявленные к использованию порты
[06-01-2019 19:37]  ModulGPIOtest.py  [LINE:40]  #DEBUG  
Отключаем подачу напряжения на все заявленные к использованию порты
[06-01-2019 19:37]  ModulGPIOtest.py  [LINE:40]  #DEBUG  
Отключаем подачу напряжения на все заявленные к использованию порты
[06-01-2019 19:37]  ModulGPIOtest.py  [LINE:22]  #DEBUG  
Включаем подачу напряжения на 13 порт
[06-01-2019 19:37]  ModulGPIOtest.py  [LINE:32]  #DEBUG  
Отключаем подачу напряжения на 13 порт
[06-01-2019 19:37]  ModulGPIOtest.py  [LINE:40]  #DEBUG  
Отключаем подачу напряжения на все заявленные к использованию порты
[06-01-2019 19:37]  ModulGPIOtest.py  [LINE:40]  #DEBUG  
Отключаем подачу напряжения на все заявленные к использованию порты
[06-01-2019 19:37]  ModulGPIOtest.py  [LINE:40]  #DEBUG  
Отключаем подачу напряжения на все заявленные к использованию порты
[06-01-2019 19:37]  ModulGPIOtest.py  [LINE:22]  #DEBUG  
Включаем подачу напряжения на 12 порт
[06-01-2019 19:37]  ModulGPIOtest.py  [LINE:22]  #DEBUG  
Включаем подачу напряжения на 15 порт
[06-01-2019 19:37]  ModulGPIOtest.py  [LINE:22]  #DEBUG  
Включаем подачу напряжения на 18 порт
[06-01-2019 19:37]  ModulGPIOtest.py  [LINE:32]  #DEBUG  
Отключаем подачу напряжения на 18 порт
[06-01-2019 19:37]  ModulGPIOtest.py  [LINE:22]  #DEBUG  
Включаем подачу напряжения на 13 порт
[06-01-2019 19:37]  ModulGPIOtest.py  [LINE:32]  #DEBUG  
Отключаем подачу напряжения на 13 порт
[06-01-2019 19:37]  ModulGPIOtest.py  [LINE:22]  #DEBUG  
Включаем подачу напряжения на 16 порт
[06-01-2019 19:37]  ModulGPIOtest.py  [LINE:32]  #DEBUG  
Отключаем подачу напряжения на 16 порт
[06-01-2019 19:37]  ModulGPIOtest.py  [LINE:32]  #DEBUG  
Отключаем подачу напряжения на 15 порт
[06-01-2019 19:37]  ModulGPIOtest.py  [LINE:32]  #DEBUG  
Отключаем подачу напряжения на 12 порт
[06-01-2019 19:37]  ModulGPIOtest.py  [LINE:22]  #DEBUG  
Включаем подачу напряжения на 15 порт
[06-01-2019 19:37]  ModulGPIOtest.py  [LINE:22]  #DEBUG  
Включаем подачу напряжения на 12 порт
[06-01-2019 19:37]  ModulGPIOtest.py  [LINE:22]  #DEBUG  
Включаем подачу напряжения на 16 порт
[06-01-2019 19:37]  ModulGPIOtest.py  [LINE:32]  #DEBUG  
Отключаем подачу напряжения на 16 порт
[06-01-2019 19:37]  ModulGPIOtest.py  [LINE:32]  #DEBUG  
Отключаем подачу напряжения на 12 порт
[06-01-2019 19:37]  ModulGPIOtest.py  [LINE:22]  #DEBUG  
Включаем подачу напряжения на 13 порт
[06-01-2019 19:37]  ModulGPIOtest.py  [LINE:32]  #DEBUG  
Отключаем подачу напряжения на 13 порт
[06-01-2019 19:37]  ModulGPIOtest.py  [LINE:22]  #DEBUG  
Включаем подачу напряжения на 12 порт
[06-01-2019 19:37]  ModulGPIOtest.py  [LINE:22]  #DEBUG  
Включаем подачу напряжения на 16 порт
[06-01-2019 19:37]  ModulGPIOtest.py  [LINE:32]  #DEBUG  
Отключаем подачу напряжения на 16 порт
[06-01-2019 19:37]  ModulGPIOtest.py  [LINE:32]  #DEBUG  
Отключаем подачу напряжения на 12 порт
[06-01-2019 19:37]  ModulGPIOtest.py  [LINE:22]  #DEBUG  
Включаем подачу напряжения на 13 порт
[06-01-2019 19:37]  ModulGPIOtest.py  [LINE:32]  #DEBUG  
Отключаем подачу напряжения на 13 порт
[06-01-2019 19:37]  ModulGPIOtest.py  [LINE:22]  #DEBUG  
Включаем подачу напряжения на 12 порт
[06-01-2019 19:37]  ModulGPIOtest.py  [LINE:22]  #DEBUG  
Включаем подачу напряжения на 16 порт
[06-01-2019 19:37]  ModulGPIOtest.py  [LINE:32]  #DEBUG  
Отключаем подачу напряжения на 16 порт
[06-01-2019 19:37]  ModulGPIOtest.py  [LINE:32]  #DEBUG  
Отключаем подачу напряжения на 12 порт
[06-01-2019 19:37]  ModulGPIOtest.py  [LINE:22]  #DEBUG  
Включаем подачу напряжения на 13 порт
[06-01-2019 19:37]  ModulGPIOtest.py  [LINE:32]  #DEBUG  
Отключаем подачу напряжения на 13 порт
[06-01-2019 19:37]  ModulGPIOtest.py  [LINE:22]  #DEBUG  
Включаем подачу напряжения на 12 порт
[06-01-2019 19:37]  ModulGPIOtest.py  [LINE:22]  #DEBUG  
Включаем подачу напряжения на 16 порт
[06-01-2019 19:37]  ModulGPIOtest.py  [LINE:32]  #DEBUG  
Отключаем подачу напряжения на 16 порт
[06-01-2019 19:37]  ModulGPIOtest.py  [LINE:32]  #DEBUG  
Отключаем подачу напряжения на 12 порт
[06-01-2019 19:37]  ModulGPIOtest.py  [LINE:22]  #DEBUG  
Включаем подачу напряжения на 13 порт
[06-01-2019 19:37]  ModulGPIOtest.py  [LINE:32]  #DEBUG  
Отключаем подачу напряжения на 13 порт
[06-01-2019 19:37]  ModulGPIOtest.py  [LINE:22]  #DEBUG  
Включаем подачу напряжения на 12 порт
[06-01-2019 19:37]  ModulGPIOtest.py  [LINE:22]  #DEBUG  
Включаем подачу напряжения на 16 порт
[06-01-2019 19:37]  ModulGPIOtest.py  [LINE:32]  #DEBUG  
Отключаем подачу напряжения на 16 порт
[06-01-2019 19:37]  ModulGPIOtest.py  [LINE:32]  #DEBUG  
Отключаем подачу напряжения на 12 порт
[06-01-2019 19:37]  ModulGPIOtest.py  [LINE:22]  #DEBUG  
Включаем подачу напряжения на 13 порт
[06-01-2019 19:37]  ModulGPIOtest.py  [LINE:32]  #DEBUG  
Отключаем подачу напряжения на 13 порт
[06-01-2019 19:37]  ModulGPIOtest.py  [LINE:22]  #DEBUG  
Включаем подачу напряжения на 12 порт
[06-01-2019 19:37]  ModulGPIOtest.py  [LINE:22]  #DEBUG  
Включаем подачу напряжения на 16 порт
[06-01-2019 19:37]  ModulGPIOtest.py  [LINE:32]  #DEBUG  
Отключаем подачу напряжения на 16 порт
[06-01-2019 19:37]  ModulGPIOtest.py  [LINE:32]  #DEBUG  
Отключаем подачу напряжения на 12 порт
[06-01-2019 19:37]  ModulGPIOtest.py  [LINE:22]  #DEBUG  
Включаем подачу напряжения на 13 порт
[06-01-2019 19:37]  ModulGPIOtest.py  [LINE:32]  #DEBUG  
Отключаем подачу напряжения на 13 порт
[06-01-2019 19:37]  ModulGPIOtest.py  [LINE:22]  #DEBUG  
Включаем подачу напряжения на 12 порт
[06-01-2019 19:37]  ModulGPIOtest.py  [LINE:22]  #DEBUG  
Включаем подачу напряжения на 16 порт
[06-01-2019 19:37]  ModulGPIOtest.py  [LINE:32]  #DEBUG  
Отключаем подачу напряжения на 16 порт
[06-01-2019 19:37]  ModulGPIOtest.py  [LINE:32]  #DEBUG  
Отключаем подачу напряжения на 12 порт
[06-01-2019 19:37]  ModulGPIOtest.py  [LINE:22]  #DEBUG  
Включаем подачу напряжения на 13 порт
[06-01-2019 19:37]  ModulGPIOtest.py  [LINE:32]  #DEBUG  
Отключаем подачу напряжения на 13 порт
[06-01-2019 19:37]  ModulGPIOtest.py  [LINE:22]  #DEBUG  
Включаем подачу напряжения на 12 порт
[06-01-2019 19:37]  ModulGPIOtest.py  [LINE:22]  #DEBUG  
Включаем подачу напряжения на 16 порт
[06-01-2019 19:37]  ModulGPIOtest.py  [LINE:32]  #DEBUG  
Отключаем подачу напряжения на 16 порт
[06-01-2019 19:37]  ModulGPIOtest.py  [LINE:32]  #DEBUG  
Отключаем подачу напряжения на 12 порт
[06-01-2019 19:37]  ModulGPIOtest.py  [LINE:22]  #DEBUG  
Включаем подачу напряжения на 13 порт
[06-01-2019 19:37]  ModulGPIOtest.py  [LINE:32]  #DEBUG  
Отключаем подачу напряжения на 13 порт
[06-01-2019 19:37]  ModulGPIOtest.py  [LINE:22]  #DEBUG  
Включаем подачу напряжения на 12 порт
[06-01-2019 19:37]  ModulGPIOtest.py  [LINE:22]  #DEBUG  
Включаем подачу напряжения на 16 порт
[06-01-2019 19:37]  ModulGPIOtest.py  [LINE:32]  #DEBUG  
Отключаем подачу напряжения на 16 порт
[06-01-2019 19:37]  ModulGPIOtest.py  [LINE:32]  #DEBUG  
Отключаем подачу напряжения на 12 порт
[06-01-2019 19:37]  ModulGPIOtest.py  [LINE:22]  #DEBUG  
Включаем подачу напряжения на 13 порт
[06-01-2019 19:37]  ModulGPIOtest.py  [LINE:32]  #DEBUG  
Отключаем подачу напряжения на 13 порт
[06-01-2019 19:37]  ModulGPIOtest.py  [LINE:22]  #DEBUG  
Включаем подачу напряжения на 12 порт
[06-01-2019 19:37]  ModulGPIOtest.py  [LINE:22]  #DEBUG  
Включаем подачу напряжения на 16 порт
[06-01-2019 19:37]  ModulGPIOtest.py  [LINE:32]  #DEBUG  
Отключаем подачу напряжения на 16 порт
[06-01-2019 19:37]  ModulGPIOtest.py  [LINE:32]  #DEBUG  
Отключаем подачу напряжения на 12 порт
[06-01-2019 19:37]  ModulGPIOtest.py  [LINE:22]  #DEBUG  
Включаем подачу напряжения на 13 порт
[06-01-2019 19:37]  ModulGPIOtest.py  [LINE:32]  #DEBUG  
Отключаем подачу напряжения на 13 порт
[06-01-2019 19:37]  ModulGPIOtest.py  [LINE:22]  #DEBUG  
Включаем подачу напряжения на 12 порт
[06-01-2019 19:37]  ModulGPIOtest.py  [LINE:22]  #DEBUG  
Включаем подачу напряжения на 16 порт
[06-01-2019 19:37]  ModulGPIOtest.py  [LINE:32]  #DEBUG  
Отключаем подачу напряжения на 16 порт
[06-01-2019 19:37]  ModulGPIOtest.py  [LINE:32]  #DEBUG  
Отключаем подачу напряжения на 12 порт
[06-01-2019 19:37]  ModulGPIOtest.py  [LINE:32]  #DEBUG  
Отключаем подачу напряжения на 15 порт
[06-01-2019 19:37]  ModulGPIOtest.py  [LINE:40]  #DEBUG  
Отключаем подачу напряжения на все заявленные к использованию порты
